<?xml version="1.0" encoding="UTF-8"?>
<!-- Generated by org.testng.reporters.JUnitXMLReporter -->
<testsuite ignored="0" hostname="RajKawale7" failures="0" tests="5" name="Default test" time="0.044" errors="0" timestamp="2022-09-30T21:37:55 IST">
  <testcase classname="bridgelabz.TestNG.Annotations.Priority_annotations" name="a_method" time="0.005"/>
  <testcase classname="bridgelabz.TestNG.Annotations.Priority_annotations" name="b_method" time="0.001"/>
  <testcase classname="bridgelabz.TestNG.Annotations.Priority_annotations" name="c_method" time="0.001"/>
  <testcase classname="bridgelabz.TestNG.Annotations.Priority_annotations" name="d_method" time="0.001"/>
  <testcase classname="bridgelabz.TestNG.Annotations.Priority_annotations" name="e_method" time="0.0"/>
</testsuite> <!-- Default test -->
