<?xml version="1.0" encoding="UTF-8"?>
<!-- Generated by org.testng.reporters.JUnitXMLReporter -->
<testsuite ignored="0" hostname="RajKawale7" failures="0" tests="3" name="Default test" time="0.044" errors="0" timestamp="2022-10-02T20:52:40 IST">
  <testcase classname="bridgelabz.TestNG.Annotations.DataProvider_Test" name="DataBank" time="0.004"/>
  <testcase classname="bridgelabz.TestNG.Annotations.DataProvider_Test" name="DataBank" time="0.001"/>
  <testcase classname="bridgelabz.TestNG.Annotations.DataProvider_Test" name="DataBank" time="0.001"/>
</testsuite> <!-- Default test -->
