<?xml version="1.0" encoding="UTF-8"?>
<testng-results ignored="0" total="5" passed="5" failed="0" skipped="0">
  <reporter-output>
  </reporter-output>
  <suite started-at="2022-09-30T21:37:54 IST" name="Default suite" finished-at="2022-09-30T21:37:55 IST" duration-ms="44">
    <groups>
    </groups>
    <test started-at="2022-09-30T21:37:54 IST" name="Default test" finished-at="2022-09-30T21:37:55 IST" duration-ms="44">
      <class name="bridgelabz.TestNG.Annotations.Priority_annotations">
        <test-method signature="a_method()[pri:0, instance:bridgelabz.TestNG.Annotations.Priority_annotations@1534f01b]" started-at="2022-09-30T21:37:55 IST" name="a_method" finished-at="2022-09-30T21:37:55 IST" duration-ms="5" status="PASS">
          <reporter-output>
          </reporter-output>
        </test-method> <!-- a_method -->
        <test-method signature="b_method()[pri:1, instance:bridgelabz.TestNG.Annotations.Priority_annotations@1534f01b]" started-at="2022-09-30T21:37:55 IST" name="b_method" finished-at="2022-09-30T21:37:55 IST" duration-ms="1" status="PASS">
          <reporter-output>
          </reporter-output>
        </test-method> <!-- b_method -->
        <test-method signature="c_method()[pri:3, instance:bridgelabz.TestNG.Annotations.Priority_annotations@1534f01b]" started-at="2022-09-30T21:37:55 IST" name="c_method" finished-at="2022-09-30T21:37:55 IST" duration-ms="1" status="PASS">
          <reporter-output>
          </reporter-output>
        </test-method> <!-- c_method -->
        <test-method signature="d_method()[pri:4, instance:bridgelabz.TestNG.Annotations.Priority_annotations@1534f01b]" started-at="2022-09-30T21:37:55 IST" name="d_method" finished-at="2022-09-30T21:37:55 IST" duration-ms="1" status="PASS">
          <reporter-output>
          </reporter-output>
        </test-method> <!-- d_method -->
        <test-method signature="e_method()[pri:5, instance:bridgelabz.TestNG.Annotations.Priority_annotations@1534f01b]" started-at="2022-09-30T21:37:55 IST" name="e_method" finished-at="2022-09-30T21:37:55 IST" duration-ms="0" status="PASS">
          <reporter-output>
          </reporter-output>
        </test-method> <!-- e_method -->
      </class> <!-- bridgelabz.TestNG.Annotations.Priority_annotations -->
    </test> <!-- Default test -->
  </suite> <!-- Default suite -->
</testng-results>
