<?xml version="1.0" encoding="UTF-8"?>
<testng-results ignored="0" total="3" passed="3" failed="0" skipped="0">
  <reporter-output>
  </reporter-output>
  <suite started-at="2022-10-02T20:52:40 IST" name="Default suite" finished-at="2022-10-02T20:52:40 IST" duration-ms="44">
    <groups>
    </groups>
    <test started-at="2022-10-02T20:52:40 IST" name="Default test" finished-at="2022-10-02T20:52:40 IST" duration-ms="44">
      <class name="bridgelabz.TestNG.Annotations.DataProvider_Test">
        <test-method signature="DataBank(java.lang.String,java.lang.String,int,java.lang.String)[pri:0, instance:bridgelabz.TestNG.Annotations.DataProvider_Test@3aefe5e5]" started-at="2022-10-02T20:52:40 IST" name="DataBank" data-provider="getData" finished-at="2022-10-02T20:52:40 IST" duration-ms="4" status="PASS">
          <params>
            <param index="0">
              <value>
                <![CDATA[Username]]>
              </value>
            </param>
            <param index="1">
              <value>
                <![CDATA[Password]]>
              </value>
            </param>
            <param index="2">
              <value>
                <![CDATA[101]]>
              </value>
            </param>
            <param index="3">
              <value>
                <![CDATA[Chrome]]>
              </value>
            </param>
          </params>
          <reporter-output>
          </reporter-output>
        </test-method> <!-- DataBank -->
        <test-method signature="DataBank(java.lang.String,java.lang.String,int,java.lang.String)[pri:0, instance:bridgelabz.TestNG.Annotations.DataProvider_Test@3aefe5e5]" started-at="2022-10-02T20:52:40 IST" name="DataBank" data-provider="getData" finished-at="2022-10-02T20:52:40 IST" duration-ms="1" status="PASS">
          <params>
            <param index="0">
              <value>
                <![CDATA[Username1]]>
              </value>
            </param>
            <param index="1">
              <value>
                <![CDATA[Password1]]>
              </value>
            </param>
            <param index="2">
              <value>
                <![CDATA[102]]>
              </value>
            </param>
            <param index="3">
              <value>
                <![CDATA[Firefox]]>
              </value>
            </param>
          </params>
          <reporter-output>
          </reporter-output>
        </test-method> <!-- DataBank -->
        <test-method signature="DataBank(java.lang.String,java.lang.String,int,java.lang.String)[pri:0, instance:bridgelabz.TestNG.Annotations.DataProvider_Test@3aefe5e5]" started-at="2022-10-02T20:52:40 IST" name="DataBank" data-provider="getData" finished-at="2022-10-02T20:52:40 IST" duration-ms="1" status="PASS">
          <params>
            <param index="0">
              <value>
                <![CDATA[Username2]]>
              </value>
            </param>
            <param index="1">
              <value>
                <![CDATA[Password2]]>
              </value>
            </param>
            <param index="2">
              <value>
                <![CDATA[103]]>
              </value>
            </param>
            <param index="3">
              <value>
                <![CDATA[Safari]]>
              </value>
            </param>
          </params>
          <reporter-output>
          </reporter-output>
        </test-method> <!-- DataBank -->
      </class> <!-- bridgelabz.TestNG.Annotations.DataProvider_Test -->
    </test> <!-- Default test -->
  </suite> <!-- Default suite -->
</testng-results>
